<?xml version="1.0" encoding="UTF-8"?>

<beans xmlns="http://www.springframework.org/schema/beans"
       xmlns:xsi="http://www.w3.org/2001/XMLSchema-instance"
       xmlns:context="http://www.springframework.org/schema/context"
       xmlns:mongo="http://www.springframework.org/schema/data/mongo"
       xmlns:mvc="http://www.springframework.org/schema/mvc"
       xsi:schemaLocation="http://www.springframework.org/schema/beans
        http://www.springframework.org/schema/beans/spring-beans.xsd
        http://www.springframework.org/schema/context
        http://www.springframework.org/schema/context/spring-context.xsd
        http://www.springframework.org/schema/data/mongo
        http://www.springframework.org/schema/data/mongo/spring-mongo-2.0.xsd
        http://www.springframework.org/schema/mvc
        http://www.springframework.org/schema/mvc/spring-mvc.xsd">

    <context:component-scan base-package="org.kek"/>
    <context:annotation-config />

    <mvc:default-servlet-handler/>
    <mvc:annotation-driven/>

    <mongo:mongo-client id="mongo" host="localhost" port="27017"/>
    <mongo:db-factory id="mongoDbFactory" dbname="schedule" mongo-ref="mongo" />
    <bean id="mongodbTemplate" class="org.springframework.data.mongodb.core.MongoTemplate">
        <constructor-arg ref="mongoDbFactory"/>
    </bean>
    <bean class="org.springframework.dao.annotation.PersistenceExceptionTranslationPostProcessor"/>

    <bean id="mongodbTransactionManager" class="org.springframework.data.mongodb.MongoTransactionManager">
        <constructor-arg ref="mongoDbFactory" />
    </bean>

    <bean id="userService" class="org.kek.backend.service.impl.UserServiceImpl" />
    <bean id="cityService" class="org.kek.backend.service.impl.CityServiceImpl" />
    <bean id="airportService" class="org.kek.backend.service.impl.AirportServiceImpl" />
    <bean id="aviationstackApiService" class="org.kek.data.service.impl.AviationstackApiServiceImpl" />
    <bean id="rapidApiService" class="org.kek.data.service.impl.RapidApiServiceImpl" />
    <bean id="flightService" class="org.kek.backend.service.impl.FlightServiceImpl" />

    <bean id="restTemplate" class="org.springframework.web.client.RestTemplate" />

    <bean id="userController" class="org.kek.rest.UserController" />
    <bean id="cityController" class="org.kek.rest.CityController" />
    <bean id="airportController" class="org.kek.rest.AirportController" />
    <bean id="flightController" class="org.kek.rest.FlightController" />
</beans>